<html>
<head>
<title>TestNG:  Default test</title>
<link href="../testng.css" rel="stylesheet" type="text/css" />
<link href="../my-testng.css" rel="stylesheet" type="text/css" />

<style type="text/css">
.log { display: none;} 
.stack-trace { display: none;} 
</style>
<script type="text/javascript">
<!--
function flip(e) {
  current = e.style.display;
  if (current == 'block') {
    e.style.display = 'none';
    return 0;
  }
  else {
    e.style.display = 'block';
    return 1;
  }
}

function toggleBox(szDivId, elem, msg1, msg2)
{
  var res = -1;  if (document.getElementById) {
    res = flip(document.getElementById(szDivId));
  }
  else if (document.all) {
    // this is the way old msie versions work
    res = flip(document.all[szDivId]);
  }
  if(elem) {
    if(res == 0) elem.innerHTML = msg1; else elem.innerHTML = msg2;
  }

}

function toggleAllBoxes() {
  if (document.getElementsByTagName) {
    d = document.getElementsByTagName('div');
    for (i = 0; i < d.length; i++) {
      if (d[i].className == 'log') {
        flip(d[i]);
      }
    }
  }
}

// -->
</script>

</head>
<body>
<h2 align='center'>Default test</h2><table border='1' align="center">
<tr>
<td>Tests passed/Failed/Skipped:</td><td>7/5/0</td>
</tr><tr>
<td>Started on:</td><td>Thu Mar 28 18:10:34 PDT 2024</td>
</tr>
<tr><td>Total time:</td><td>30 seconds (30523 ms)</td>
</tr><tr>
<td>Included groups:</td><td></td>
</tr><tr>
<td>Excluded groups:</td><td></td>
</tr>
</table><p/>
<small><i>(Hover the method name to see the test class name)</i></small><p/>
<table width='100%' border='1' class='invocation-failed'>
<tr><td colspan='4' align='center'><b>FAILED TESTS</b></td></tr>
<tr><td><b>Test method</b></td>
<td><b>Attribute(s)</b></td>
<td width="30%"><b>Exception</b></td>
<td width="10%"><b>Time (seconds)</b></td>
<td><b>Instance</b></td>
</tr>
<tr>
<td title='parallel.parallelrun.runScenario()'><b>runScenario</b><br>Test class: parallel.parallelrun<br>Test method: Runs Cucumber Scenarios<br>Parameters: "Practice Questions_Nonpythoncode", "Array page and links"</td>
<td><div><pre>java.lang.AssertionError
	at org.junit.Assert.fail(Assert.java:86)
	at org.junit.Assert.assertTrue(Assert.java:41)
	at org.junit.Assert.assertTrue(Assert.java:52)
	at parallel.Arrays_S2.message_in_console(Arrays_S2.java:137)
	at ✽.&quot;Submission Successful&quot; message displayed in console(file:///Users/karthikaramesh/eclipse-workspace/TechNinja_152/src/test/resources/parallel/Arrays_S2.feature:71)
</pre></div><a href='#' onClick='toggleBox("stack-trace340860118", this, "Click to show all stack frames", "Click to hide stack frames")'>Click to show all stack frames</a>
<div class='stack-trace' id='stack-trace340860118'><pre>java.lang.AssertionError
	at org.junit.Assert.fail(Assert.java:86)
	at org.junit.Assert.assertTrue(Assert.java:41)
	at org.junit.Assert.assertTrue(Assert.java:52)
	at parallel.Arrays_S2.message_in_console(Arrays_S2.java:137)
	at ✽.&quot;Submission Successful&quot; message displayed in console(file:///Users/karthikaramesh/eclipse-workspace/TechNinja_152/src/test/resources/parallel/Arrays_S2.feature:71)
</pre></div></td>
<td>7</td>
<td>parallel.parallelrun@65987993</td></tr>
<tr>
<td title='parallel.parallelrun.runScenario()'><b>runScenario</b><br>Test class: parallel.parallelrun<br>Test method: Runs Cucumber Scenarios<br>Parameters: "Practice Questions_Nonpythoncode", "Array page and links"</td>
<td><div><pre>java.lang.AssertionError
	at org.junit.Assert.fail(Assert.java:86)
	at org.junit.Assert.assertTrue(Assert.java:41)
	at org.junit.Assert.assertTrue(Assert.java:52)
	at parallel.Arrays_S2.message_in_console(Arrays_S2.java:137)
	at ✽.&quot;Submission Successful&quot; message displayed in console(file:///Users/karthikaramesh/eclipse-workspace/TechNinja_152/src/test/resources/parallel/Arrays_S2.feature:71)
</pre></div><a href='#' onClick='toggleBox("stack-trace827424233", this, "Click to show all stack frames", "Click to hide stack frames")'>Click to show all stack frames</a>
<div class='stack-trace' id='stack-trace827424233'><pre>java.lang.AssertionError
	at org.junit.Assert.fail(Assert.java:86)
	at org.junit.Assert.assertTrue(Assert.java:41)
	at org.junit.Assert.assertTrue(Assert.java:52)
	at parallel.Arrays_S2.message_in_console(Arrays_S2.java:137)
	at ✽.&quot;Submission Successful&quot; message displayed in console(file:///Users/karthikaramesh/eclipse-workspace/TechNinja_152/src/test/resources/parallel/Arrays_S2.feature:71)
</pre></div></td>
<td>7</td>
<td>parallel.parallelrun@65987993</td></tr>
<tr>
<td title='parallel.parallelrun.runScenario()'><b>runScenario</b><br>Test class: parallel.parallelrun<br>Test method: Runs Cucumber Scenarios<br>Parameters: "Practice Questions_Nonpythoncode", "Array page and links"</td>
<td><div><pre>java.lang.AssertionError
	at org.junit.Assert.fail(Assert.java:86)
	at org.junit.Assert.assertTrue(Assert.java:41)
	at org.junit.Assert.assertTrue(Assert.java:52)
	at parallel.Arrays_S2.message_in_console(Arrays_S2.java:137)
	at ✽.&quot;Error occurred during submission&quot; message displayed in console(file:///Users/karthikaramesh/eclipse-workspace/TechNinja_152/src/test/resources/parallel/Arrays_S2.feature:53)
</pre></div><a href='#' onClick='toggleBox("stack-trace912414859", this, "Click to show all stack frames", "Click to hide stack frames")'>Click to show all stack frames</a>
<div class='stack-trace' id='stack-trace912414859'><pre>java.lang.AssertionError
	at org.junit.Assert.fail(Assert.java:86)
	at org.junit.Assert.assertTrue(Assert.java:41)
	at org.junit.Assert.assertTrue(Assert.java:52)
	at parallel.Arrays_S2.message_in_console(Arrays_S2.java:137)
	at ✽.&quot;Error occurred during submission&quot; message displayed in console(file:///Users/karthikaramesh/eclipse-workspace/TechNinja_152/src/test/resources/parallel/Arrays_S2.feature:53)
</pre></div></td>
<td>15</td>
<td>parallel.parallelrun@65987993</td></tr>
<tr>
<td title='parallel.parallelrun.runScenario()'><b>runScenario</b><br>Test class: parallel.parallelrun<br>Test method: Runs Cucumber Scenarios<br>Parameters: "Practice Questions_Nonpythoncode", "Array page and links"</td>
<td><div><pre>org.openqa.selenium.ElementNotInteractableException: element not interactable
  (Session info: chrome=123.0.6312.87)
Build info: version: &apos;4.18.1&apos;, revision: &apos;b1d3319b48&apos;
System info: os.name: &apos;Mac OS X&apos;, os.arch: &apos;aarch64&apos;, os.version: &apos;13.4&apos;, java.version: &apos;17.0.8.1&apos;
Driver info: org.openqa.selenium.chrome.ChromeDriver
Command: [2a73e2dab91a8708204e7ab54ab1207a, sendKeysToElement {value=[Ljava.lang.CharSequence;@47536e4a, id=f.E25ADFD3EE3B43E2DFDA4F46A7132CCA.d.979A981C6AB5B6B74C4CBEF9E9047E19.e.44}]
Capabilities {acceptInsecureCerts: false, browserName: chrome, browserVersion: 123.0.6312.87, chrome: {chromedriverVersion: 123.0.6312.86 (9b72c47a0536..., userDataDir: /var/folders/qz/lb_z2h0j7ll...}, fedcm:accounts: true, goog:chromeOptions: {debuggerAddress: localhost:63388}, networkConnectionEnabled: false, pageLoadStrategy: normal, platformName: mac, proxy: Proxy(), se:cdp: ws://localhost:63388/devtoo..., se:cdpVersion: 123.0.6312.87, setWindowRect: true, strictFileInteractability: false, timeouts: {implicit: 0, pageLoad: 300000, script: 30000}, unhandledPromptBehavior: dismiss and notify, webauthn:extension:credBlob: true, webauthn:extension:largeBlob: true, webauthn:extension:minPinLength: true, webauthn:extension:prf: true, webauthn:virtualAuthenticators: true}
Element: [[ChromeDriver: chrome on mac (2a73e2dab91a8708204e7ab54ab1207a)] -&gt; xpath: //form[@id=&apos;answer_form&apos;]/div/div/div/textarea]
Session ID: 2a73e2dab91a8708204e7ab54ab1207a
	at java.base/jdk.internal.reflect.NativeConstructorAccessorImpl.newInstance0(Native Method)
	at java.base/jdk.internal.reflect.NativeConstructorAccessorImpl.newInstance(NativeConstructorAccessorImpl.java:77)
	at java.base/jdk.internal.reflect.DelegatingConstructorAccessorImpl.newInstance(DelegatingConstructorAccessorImpl.java:45)
	at java.base/java.lang.reflect.Constructor.newInstanceWithCaller(Constructor.java:499)
	at java.base/java.lang.reflect.Constructor.newInstance(Constructor.java:480)
	at org.openqa.selenium.remote.ErrorCodec.decode(ErrorCodec.java:167)
	at org.openqa.selenium.remote.codec.w3c.W3CHttpResponseCodec.decode(W3CHttpResponseCodec.java:138)
	at org.openqa.selenium.remote.codec.w3c.W3CHttpResponseCodec.decode(W3CHttpResponseCodec.java:50)
	at org.openqa.selenium.remote.HttpCommandExecutor.execute(HttpCommandExecutor.java:190)
	at org.openqa.selenium.remote.service.DriverCommandExecutor.invokeExecute(DriverCommandExecutor.java:216)
	at org.openqa.selenium.remote.service.DriverCommandExecutor.execute(DriverCommandExecutor.java:174)
	at org.openqa.selenium.remote.RemoteWebDriver.execute(RemoteWebDriver.java:519)
	at org.openqa.selenium.remote.RemoteWebElement.execute(RemoteWebElement.java:223)
	at org.openqa.selenium.remote.RemoteWebElement.sendKeys(RemoteWebElement.java:110)
	at com_Pages.Arrays_Page_S2.sendcode_SIA(Arrays_Page_S2.java:261)
	at parallel.Arrays_S2.Type_valid_code(Arrays_S2.java:123)
	at ✽.Type valid code for question in editor box Searchthearray(file:///Users/karthikaramesh/eclipse-workspace/TechNinja_152/src/test/resources/parallel/Arrays_S2.feature:69)
</pre></div><a href='#' onClick='toggleBox("stack-trace410350223", this, "Click to show all stack frames", "Click to hide stack frames")'>Click to show all stack frames</a>
<div class='stack-trace' id='stack-trace410350223'><pre>org.openqa.selenium.ElementNotInteractableException: element not interactable
  (Session info: chrome=123.0.6312.87)
Build info: version: &apos;4.18.1&apos;, revision: &apos;b1d3319b48&apos;
System info: os.name: &apos;Mac OS X&apos;, os.arch: &apos;aarch64&apos;, os.version: &apos;13.4&apos;, java.version: &apos;17.0.8.1&apos;
Driver info: org.openqa.selenium.chrome.ChromeDriver
Command: [2a73e2dab91a8708204e7ab54ab1207a, sendKeysToElement {value=[Ljava.lang.CharSequence;@47536e4a, id=f.E25ADFD3EE3B43E2DFDA4F46A7132CCA.d.979A981C6AB5B6B74C4CBEF9E9047E19.e.44}]
Capabilities {acceptInsecureCerts: false, browserName: chrome, browserVersion: 123.0.6312.87, chrome: {chromedriverVersion: 123.0.6312.86 (9b72c47a0536..., userDataDir: /var/folders/qz/lb_z2h0j7ll...}, fedcm:accounts: true, goog:chromeOptions: {debuggerAddress: localhost:63388}, networkConnectionEnabled: false, pageLoadStrategy: normal, platformName: mac, proxy: Proxy(), se:cdp: ws://localhost:63388/devtoo..., se:cdpVersion: 123.0.6312.87, setWindowRect: true, strictFileInteractability: false, timeouts: {implicit: 0, pageLoad: 300000, script: 30000}, unhandledPromptBehavior: dismiss and notify, webauthn:extension:credBlob: true, webauthn:extension:largeBlob: true, webauthn:extension:minPinLength: true, webauthn:extension:prf: true, webauthn:virtualAuthenticators: true}
Element: [[ChromeDriver: chrome on mac (2a73e2dab91a8708204e7ab54ab1207a)] -&gt; xpath: //form[@id=&apos;answer_form&apos;]/div/div/div/textarea]
Session ID: 2a73e2dab91a8708204e7ab54ab1207a
	at java.base/jdk.internal.reflect.NativeConstructorAccessorImpl.newInstance0(Native Method)
	at java.base/jdk.internal.reflect.NativeConstructorAccessorImpl.newInstance(NativeConstructorAccessorImpl.java:77)
	at java.base/jdk.internal.reflect.DelegatingConstructorAccessorImpl.newInstance(DelegatingConstructorAccessorImpl.java:45)
	at java.base/java.lang.reflect.Constructor.newInstanceWithCaller(Constructor.java:499)
	at java.base/java.lang.reflect.Constructor.newInstance(Constructor.java:480)
	at org.openqa.selenium.remote.ErrorCodec.decode(ErrorCodec.java:167)
	at org.openqa.selenium.remote.codec.w3c.W3CHttpResponseCodec.decode(W3CHttpResponseCodec.java:138)
	at org.openqa.selenium.remote.codec.w3c.W3CHttpResponseCodec.decode(W3CHttpResponseCodec.java:50)
	at org.openqa.selenium.remote.HttpCommandExecutor.execute(HttpCommandExecutor.java:190)
	at org.openqa.selenium.remote.service.DriverCommandExecutor.invokeExecute(DriverCommandExecutor.java:216)
	at org.openqa.selenium.remote.service.DriverCommandExecutor.execute(DriverCommandExecutor.java:174)
	at org.openqa.selenium.remote.RemoteWebDriver.execute(RemoteWebDriver.java:519)
	at org.openqa.selenium.remote.RemoteWebElement.execute(RemoteWebElement.java:223)
	at org.openqa.selenium.remote.RemoteWebElement.sendKeys(RemoteWebElement.java:110)
	at com_Pages.Arrays_Page_S2.sendcode_SIA(Arrays_Page_S2.java:261)
	at parallel.Arrays_S2.Type_valid_code(Arrays_S2.java:123)
	at ✽.Type valid code for question in editor box Searchthearray(file:///Users/karthikaramesh/eclipse-workspace/TechNinja_152/src/test/resources/parallel/Arrays_S2.feature:69)
</pre></div></td>
<td>14</td>
<td>parallel.parallelrun@65987993</td></tr>
<tr>
<td title='parallel.parallelrun.runScenario()'><b>runScenario</b><br>Test class: parallel.parallelrun<br>Test method: Runs Cucumber Scenarios<br>Parameters: "Practice Questions_Nonpythoncode", "Array page and links"</td>
<td><div><pre>java.lang.AssertionError
	at org.junit.Assert.fail(Assert.java:86)
	at org.junit.Assert.assertTrue(Assert.java:41)
	at org.junit.Assert.assertTrue(Assert.java:52)
	at parallel.Arrays_S2.message_in_console(Arrays_S2.java:137)
	at ✽.&quot;Error occurred during submission&quot; message displayed in console(file:///Users/karthikaramesh/eclipse-workspace/TechNinja_152/src/test/resources/parallel/Arrays_S2.feature:53)
</pre></div><a href='#' onClick='toggleBox("stack-trace1104431355", this, "Click to show all stack frames", "Click to hide stack frames")'>Click to show all stack frames</a>
<div class='stack-trace' id='stack-trace1104431355'><pre>java.lang.AssertionError
	at org.junit.Assert.fail(Assert.java:86)
	at org.junit.Assert.assertTrue(Assert.java:41)
	at org.junit.Assert.assertTrue(Assert.java:52)
	at parallel.Arrays_S2.message_in_console(Arrays_S2.java:137)
	at ✽.&quot;Error occurred during submission&quot; message displayed in console(file:///Users/karthikaramesh/eclipse-workspace/TechNinja_152/src/test/resources/parallel/Arrays_S2.feature:53)
</pre></div></td>
<td>15</td>
<td>parallel.parallelrun@65987993</td></tr>
</table><p>
<table width='100%' border='1' class='invocation-passed'>
<tr><td colspan='4' align='center'><b>PASSED TESTS</b></td></tr>
<tr><td><b>Test method</b></td>
<td><b>Attribute(s)</b></td>
<td width="30%"><b>Exception</b></td>
<td width="10%"><b>Time (seconds)</b></td>
<td><b>Instance</b></td>
</tr>
<tr>
<td title='parallel.parallelrun.runScenario()'><b>runScenario</b><br>Test class: parallel.parallelrun<br>Test method: Runs Cucumber Scenarios<br>Parameters: "'Arrays' links in Topics Covered section for Arrays page.", "Array page and links"</td>
<td></td>
<td>12</td>
<td>parallel.parallelrun@65987993</td></tr>
<tr>
<td title='parallel.parallelrun.runScenario()'><b>runScenario</b><br>Test class: parallel.parallelrun<br>Test method: Runs Cucumber Scenarios<br>Parameters: "Practice Questions_Nonpythoncode", "Array page and links"</td>
<td></td>
<td>15</td>
<td>parallel.parallelrun@65987993</td></tr>
<tr>
<td title='parallel.parallelrun.runScenario()'><b>runScenario</b><br>Test class: parallel.parallelrun<br>Test method: Runs Cucumber Scenarios<br>Parameters: "Practice Questions_Nonpythoncode", "Array page and links"</td>
<td></td>
<td>22</td>
<td>parallel.parallelrun@65987993</td></tr>
<tr>
<td title='parallel.parallelrun.runScenario()'><b>runScenario</b><br>Test class: parallel.parallelrun<br>Test method: Runs Cucumber Scenarios<br>Parameters: "'Arrays' links in Topics Covered section for Arrays page.", "Array page and links"</td>
<td></td>
<td>12</td>
<td>parallel.parallelrun@65987993</td></tr>
<tr>
<td title='parallel.parallelrun.runScenario()'><b>runScenario</b><br>Test class: parallel.parallelrun<br>Test method: Runs Cucumber Scenarios<br>Parameters: "'Arrays' links in Topics Covered section for Arrays page.", "Array page and links"</td>
<td></td>
<td>12</td>
<td>parallel.parallelrun@65987993</td></tr>
<tr>
<td title='parallel.parallelrun.runScenario()'><b>runScenario</b><br>Test class: parallel.parallelrun<br>Test method: Runs Cucumber Scenarios<br>Parameters: "'Arrays' links in Topics Covered section for Arrays page.", "Array page and links"</td>
<td></td>
<td>12</td>
<td>parallel.parallelrun@65987993</td></tr>
<tr>
<td title='parallel.parallelrun.runScenario()'><b>runScenario</b><br>Test class: parallel.parallelrun<br>Test method: Runs Cucumber Scenarios<br>Parameters: "Practice Questions_Nonpythoncode", "Array page and links"</td>
<td></td>
<td>15</td>
<td>parallel.parallelrun@65987993</td></tr>
</table><p>
</body>
</html>