{"uuid":"d1f71f8c-dda8-4f53-b18a-5a307163a936","historyId":"ea1a57d2213f337ab4e2b567ccc5cbb0","fullName":"io.cucumber.testng.AbstractTestNGCucumberTests.runScenario","labels":[{"name":"package","value":"parallel.parallelrun"},{"name":"testClass","value":"parallel.parallelrun"},{"name":"testMethod","value":"runScenario"},{"name":"parentSuite","value":"Default suite"},{"name":"suite","value":"Default test"},{"name":"subSuite","value":"parallel.parallelrun"},{"name":"host","value":"Karthikas-Air"},{"name":"thread","value":"9531@Karthikas-Air.TestNG-PoolService-2(17)"},{"name":"framework","value":"testng"},{"name":"language","value":"java"}],"links":[],"name":"Runs Cucumber Scenarios","status":"failed","statusDetails":{"known":false,"muted":false,"flaky":false,"message":"java.lang.AssertionError","trace":"java.lang.AssertionError\n\tat org.junit.Assert.fail(Assert.java:86)\n\tat org.junit.Assert.assertTrue(Assert.java:41)\n\tat org.junit.Assert.assertTrue(Assert.java:52)\n\tat parallel.Arrays_S2.message_in_console(Arrays_S2.java:137)\n\tat âœ½.\" Some Tests failed. Please review code\" message displayed in console(file:///Users/karthikaramesh/eclipse-workspace/TechNinja_151/src/test/resources/parallel/Arrays_S2.feature:75)\n"},"stage":"finished","steps":[],"attachments":[],"parameters":[{"name":"arg1","value":"\"Array page and links\""},{"name":"arg0","value":"\"Practice Questions_Nonpythoncode\""}],"start":1711511623737,"stop":1711511641960}